2020.10.06 16:12:53 INFO  started: Metals version 0.9.4 in workspace '/home/cn/Project/BUAA/service_computing_2020/assignment1/axis' .
2020.10.06 16:12:54 INFO  time: initialize in 0.23s
2020.10.06 16:12:54 INFO  tracing is disabled for protocol BSP, to enable tracing of incoming and outgoing JSON messages create an empty file at /home/cn/.cache/metals/bsp.trace.json
2020.10.06 16:12:55 INFO  time: connected to build server in 0.67s
2020.10.06 16:12:55 INFO  Connected to Build server v1.4.0
2020.10.06 16:12:55 INFO  Processing
2020.10.06 16:12:55 INFO  Processing
2020.10.06 16:12:55 INFO  Processing
2020.10.06 16:12:55 INFO  Processing
2020.10.06 16:12:55 INFO  Processing
2020.10.06 16:12:55 INFO  Processing
2020.10.06 16:12:55 INFO  Processing
2020.10.06 16:12:55 INFO  no build target: using presentation compiler with only scala-library
2020.10.06 16:12:55 WARN  no build target for: /home/cn/Project/BUAA/service_computing_2020/assignment1/axis/src/main/scala/main.scala
2020.10.06 16:12:55 INFO  time: imported build in 0.38s
2020.10.06 16:12:55 INFO  Processing
2020.10.06 16:12:55 WARN  Could not find java sources in None. Java symbols will not be available.
2020.10.06 16:12:56 INFO  running '/usr/lib/jvm/java-8-openjdk-amd64/bin/java -Djline.terminal=jline.UnsupportedTerminal -Dsbt.log.noformat=true -Dfile.encoding=UTF-8 -jar /tmp/metals7672407376667734334/sbt-launch.jar -Dbloop.export-jar-classifiers=sources bloopInstall'
2020.10.06 16:12:55 INFO  time: indexed workspace in 0.85s
2020.10.06 16:12:56 INFO  Processing
2020.10.06 16:12:56 INFO  compiling axis
2020.10.06 16:12:56 INFO  time: compiled axis in 8ms
2020.10.06 16:12:56 INFO  compiling axis-test
2020.10.06 16:12:56 INFO  time: compiled axis-test in 1ms
2020.10.06 16:12:56 INFO  Processing
2020.10.06 16:12:56 INFO  Processing
2020.10.06 16:12:56 INFO  compiling axis
2020.10.06 16:12:56 INFO  time: compiled axis in 5ms
2020.10.06 16:12:56 INFO  compiling axis-test
2020.10.06 16:12:56 INFO  time: compiled axis-test in 3ms
2020.10.06 16:12:56 INFO  Processing
2020.10.06 16:12:56 INFO  Processing
2020.10.06 16:12:56 INFO  compiling axis
2020.10.06 16:12:56 INFO  time: compiled axis in 3ms
2020.10.06 16:12:56 INFO  compiling axis-test
2020.10.06 16:12:56 INFO  time: compiled axis-test in 3ms
2020.10.06 16:12:56 INFO  Processing
2020.10.06 16:12:56 INFO  Processing
2020.10.06 16:12:56 INFO  compiling axis
2020.10.06 16:12:56 INFO  time: compiled axis in 1ms
2020.10.06 16:12:56 INFO  compiling axis-test
2020.10.06 16:12:56 INFO  time: compiled axis-test in 434μs
2020.10.06 16:12:56 INFO  Processing
2020.10.06 16:12:56 INFO  Processing
2020.10.06 16:12:56 INFO  compiling axis
2020.10.06 16:12:56 INFO  time: compiled axis in 1ms
2020.10.06 16:12:56 INFO  compiling axis-test
2020.10.06 16:12:56 INFO  time: compiled axis-test in 418μs
2020.10.06 16:12:56 INFO  Processing
2020.10.06 16:12:57 INFO  [info] welcome to sbt 1.4.0 (Private Build Java 1.8.0_265)
2020.10.06 16:12:58 INFO  [info] loading settings for project axis-build-build from metals.sbt ...
2020.10.06 16:12:58 INFO  [info] loading project definition from /home/cn/Project/BUAA/service_computing_2020/assignment1/axis/project/project
2020.10.06 16:13:00 INFO  [info] loading settings for project axis-build from metals.sbt ...
2020.10.06 16:13:00 INFO  [info] loading project definition from /home/cn/Project/BUAA/service_computing_2020/assignment1/axis/project
2020.10.06 16:13:01 INFO  [success] Generated .bloop/axis-build.json
2020.10.06 16:13:01 INFO  [success] Total time: 1 s, completed Oct 6, 2020 4:13:01 PM
2020.10.06 16:13:01 ERROR /home/cn/Project/BUAA/service_computing_2020/assignment1/axis/build.sbt:2: error: not found: value CodegenPlugin
2020.10.06 16:13:01 ERROR 	.enablePlugins(CodegenPlugin)
2020.10.06 16:13:01 ERROR                        ^
2020.10.06 16:13:01 ERROR sbt.compiler.EvalException: Type error in expression
2020.10.06 16:13:01 INFO  [error] sbt.compiler.EvalException: Type error in expression
2020.10.06 16:13:01 INFO  [error] Use 'last' for the full log.
2020.10.06 16:13:01 INFO  [warn] Project loading failed: (r)etry, (q)uit, (l)ast, or (i)gnore? (default: r)
2020.10.06 16:13:01 INFO  build tool exit: 1
2020.10.06 16:13:02 INFO  time: ran 'sbt bloopInstall' in 6.32s
2020.10.06 16:13:02 ERROR sbt command failed: /usr/lib/jvm/java-8-openjdk-amd64/bin/java -Djline.terminal=jline.UnsupportedTerminal -Dsbt.log.noformat=true -Dfile.encoding=UTF-8 -jar /tmp/metals7672407376667734334/sbt-launch.jar -Dbloop.export-jar-classifiers=sources bloopInstall
2020.10.06 16:13:02 INFO  disconnected: build server
2020.10.06 16:13:02 INFO  tracing is disabled for protocol BSP, to enable tracing of incoming and outgoing JSON messages create an empty file at /home/cn/.cache/metals/bsp.trace.json
2020.10.06 16:13:03 INFO  time: connected to build server in 0.55s
2020.10.06 16:13:03 INFO  Connected to Build server v1.4.0
2020.10.06 16:13:02 INFO  Processing
2020.10.06 16:13:02 INFO  Processing
2020.10.06 16:13:02 INFO  Processing
2020.10.06 16:13:02 INFO  Processing
2020.10.06 16:13:02 INFO  Processing
2020.10.06 16:13:02 INFO  Processing
2020.10.06 16:13:02 INFO  Processing
2020.10.06 16:13:02 INFO  time: imported build in 0.1s
2020.10.06 16:13:02 INFO  Processing
2020.10.06 16:13:02 WARN  Could not find java sources in None. Java symbols will not be available.
2020.10.06 16:13:02 INFO  time: indexed workspace in 0.1s
2020.10.06 16:13:02 INFO  Processing
2020.10.06 16:13:02 INFO  compiling axis
2020.10.06 16:13:02 INFO  time: compiled axis in 2ms
2020.10.06 16:13:02 INFO  compiling axis-test
2020.10.06 16:13:02 INFO  time: compiled axis-test in 374μs
2020.10.06 16:13:02 INFO  Processing
2020.10.06 16:13:02 INFO  Processing
2020.10.06 16:13:02 INFO  compiling axis
2020.10.06 16:13:02 INFO  time: compiled axis in 3ms
2020.10.06 16:13:02 INFO  compiling axis-test
2020.10.06 16:13:02 INFO  time: compiled axis-test in 2ms
2020.10.06 16:13:02 INFO  Processing
2020.10.06 16:13:02 INFO  Processing
2020.10.06 16:13:02 INFO  compiling axis
2020.10.06 16:13:02 INFO  time: compiled axis in 3ms
2020.10.06 16:13:02 INFO  compiling axis-test
2020.10.06 16:13:02 INFO  time: compiled axis-test in 5ms
2020.10.06 16:13:02 INFO  Processing
2020.10.06 16:13:02 INFO  Processing
2020.10.06 16:13:02 INFO  compiling axis
2020.10.06 16:13:02 INFO  time: compiled axis in 3ms
2020.10.06 16:13:02 INFO  compiling axis-test
2020.10.06 16:13:02 INFO  time: compiled axis-test in 2ms
2020.10.06 16:13:02 INFO  Processing
2020.10.06 16:13:02 INFO  Processing
2020.10.06 16:13:03 INFO  compiling axis
2020.10.06 16:13:03 INFO  time: compiled axis in 3ms
2020.10.06 16:13:03 INFO  compiling axis-test
2020.10.06 16:13:03 INFO  time: compiled axis-test in 3ms
2020.10.06 16:13:03 INFO  Processing
Oct 06, 2020 4:13:15 PM org.eclipse.lsp4j.jsonrpc.RemoteEndpoint handleCancellation
WARNING: Unmatched cancel notification for request id 27
2020.10.06 16:13:25 INFO  Processing
2020.10.06 16:13:25 INFO  compiling axis
2020.10.06 16:13:25 INFO  compiling 1 Scala source to /home/cn/Project/BUAA/service_computing_2020/assignment1/axis/target/scala-2.12/classes ...
2020.10.06 16:13:25 WARN  there was one deprecation warning (since 2.11.0); re-run with -deprecation for details
2020.10.06 16:13:25 WARN  one warning found
2020.10.06 16:13:25 INFO  time: compiled axis in 0.58s
2020.10.06 16:13:25 INFO  Processing
2020.10.06 16:13:25 INFO  compiling axis
2020.10.06 16:13:25 INFO  time: compiled axis in 1ms
2020.10.06 16:13:25 INFO  Processing
2020.10.06 16:13:25 INFO  compiling axis
2020.10.06 16:13:25 INFO  time: compiled axis in 416μs
2020.10.06 16:13:25 INFO  Processing
2020.10.06 16:13:25 INFO  Processing
2020.10.06 16:13:25 INFO  Processing
2020.10.06 16:13:27 INFO  Processing
2020.10.06 16:13:27 INFO  compiling axis
2020.10.06 16:13:27 INFO  compiling 1 Scala source to /home/cn/Project/BUAA/service_computing_2020/assignment1/axis/target/scala-2.12/classes ...
2020.10.06 16:13:27 WARN  there was one deprecation warning (since 2.11.0); re-run with -deprecation for details
2020.10.06 16:13:27 WARN  one warning found
2020.10.06 16:13:27 INFO  time: compiled axis in 0.2s
2020.10.06 16:13:27 INFO  Processing
2020.10.06 16:13:27 INFO  compiling axis
2020.10.06 16:13:27 INFO  time: compiled axis in 2ms
2020.10.06 16:13:27 INFO  Processing
2020.10.06 16:13:27 INFO  compiling axis
2020.10.06 16:13:27 INFO  time: compiled axis in 3ms
2020.10.06 16:13:27 INFO  Processing
2020.10.06 16:13:27 INFO  Processing
2020.10.06 16:13:27 INFO  Processing
2020.10.06 16:14:51 INFO  Processing
2020.10.06 16:14:51 INFO  compiling axis
2020.10.06 16:14:51 INFO  time: compiled axis in 2ms
2020.10.06 16:14:51 INFO  Processing
2020.10.06 16:14:51 INFO  Processing
2020.10.06 16:14:51 INFO  compiling axis
2020.10.06 16:14:51 INFO  time: compiled axis in 2ms
2020.10.06 16:14:51 INFO  Processing
2020.10.06 16:14:51 INFO  Processing
2020.10.06 16:14:51 INFO  Processing
2020.10.06 16:14:53 INFO  Processing
2020.10.06 16:14:53 INFO  compiling axis
2020.10.06 16:14:53 INFO  time: compiled axis in 3ms
2020.10.06 16:14:53 INFO  Processing
2020.10.06 16:14:53 INFO  Processing
2020.10.06 16:14:53 INFO  compiling axis
2020.10.06 16:14:53 INFO  time: compiled axis in 2ms
2020.10.06 16:14:53 INFO  Processing
2020.10.06 16:14:53 INFO  Processing
2020.10.06 16:14:53 INFO  Processing
2020.10.06 16:14:55 INFO  Processing
2020.10.06 16:14:55 INFO  compiling axis
2020.10.06 16:14:55 INFO  time: compiled axis in 3ms
2020.10.06 16:14:55 INFO  Processing
2020.10.06 16:14:55 INFO  Processing
2020.10.06 16:14:55 INFO  compiling axis
2020.10.06 16:14:55 INFO  time: compiled axis in 3ms
2020.10.06 16:14:55 INFO  Processing
2020.10.06 16:14:55 INFO  Processing
2020.10.06 16:14:55 INFO  Processing
2020.10.06 16:14:58 INFO  Processing
2020.10.06 16:14:58 INFO  compiling axis
2020.10.06 16:14:58 INFO  time: compiled axis in 2ms
2020.10.06 16:14:58 INFO  Processing
2020.10.06 16:14:58 INFO  Processing
2020.10.06 16:14:58 INFO  Processing
2020.10.06 16:14:58 INFO  Processing
2020.10.06 16:14:58 INFO  compiling axis
2020.10.06 16:14:58 INFO  time: compiled axis in 3ms
2020.10.06 16:14:58 INFO  Processing
2020.10.06 16:15:00 INFO  Processing
2020.10.06 16:15:00 INFO  compiling axis
2020.10.06 16:15:00 INFO  time: compiled axis in 2ms
2020.10.06 16:15:00 INFO  Processing
2020.10.06 16:15:00 INFO  Processing
2020.10.06 16:15:00 INFO  compiling axis
2020.10.06 16:15:00 INFO  time: compiled axis in 3ms
2020.10.06 16:15:00 INFO  Processing
2020.10.06 16:15:00 INFO  Processing
2020.10.06 16:15:00 INFO  Processing
2020.10.06 16:15:02 INFO  Processing
2020.10.06 16:15:02 INFO  compiling axis
2020.10.06 16:15:02 INFO  time: compiled axis in 2ms
2020.10.06 16:15:02 INFO  Processing
2020.10.06 16:15:02 INFO  Processing
2020.10.06 16:15:02 INFO  compiling axis
2020.10.06 16:15:02 INFO  time: compiled axis in 2ms
2020.10.06 16:15:02 INFO  Processing
2020.10.06 16:15:02 INFO  Processing
2020.10.06 16:15:02 INFO  Processing
2020.10.06 16:27:16 INFO  compiling axis
2020.10.06 16:27:16 INFO  time: compiled axis in 3ms
Oct 07, 2020 9:26:34 AM org.eclipse.lsp4j.jsonrpc.services.GenericEndpoint notify
INFO: Unsupported notification method: $/setTraceNotification
